# JRE version: Java(TM) SE Runtime Environment (8.0_25-b17) (build 1.8.0_25-b17)
# Java VM: Java HotSpot(TM) 64-Bit Server VM (25.25-b02 mixed mode linux-amd64 compressed oops)
Heap:
 PSYoungGen      total 71168K, used 10965K [0x00000000ef900000, 0x00000000f5200000, 0x0000000100000000)
  eden space 62976K, 17% used [0x00000000ef900000,0x00000000f03b5660,0x00000000f3680000)
  from space 8192K, 0% used [0x00000000f3680000,0x00000000f3680000,0x00000000f3e80000)
  to   space 7680K, 0% used [0x00000000f4a80000,0x00000000f4a80000,0x00000000f5200000)
 ParOldGen       total 46080K, used 21470K [0x00000000cea00000, 0x00000000d1700000, 0x00000000ef900000)
  object space 46080K, 46% used [0x00000000cea00000,0x00000000cfef7b28,0x00000000d1700000)
 Metaspace       used 26940K, capacity 29598K, committed 29656K, reserved 1075200K
  class space    used 2938K, capacity 3672K, committed 3712K, reserved 1048576K
GC Heap History (10 events):
Event: 5,071 GC heap before
{Heap before GC invocations=7 (full 0):
 PSYoungGen      total 39936K, used 38991K [0x00000000ef900000, 0x00000000f2600000, 0x0000000100000000)
  eden space 34816K, 100% used [0x00000000ef900000,0x00000000f1b00000,0x00000000f1b00000)
  from space 5120K, 81% used [0x00000000f2100000,0x00000000f2513f40,0x00000000f2600000)
  to   space 5632K, 0% used [0x00000000f1b00000,0x00000000f1b00000,0x00000000f2080000)
 ParOldGen       total 22016K, used 14984K [0x00000000cea00000, 0x00000000cff80000, 0x00000000ef900000)
  object space 22016K, 68% used [0x00000000cea00000,0x00000000cf8a21c8,0x00000000cff80000)
 Metaspace       used 16361K, capacity 17166K, committed 17408K, reserved 1064960K
  class space    used 1745K, capacity 1933K, committed 2048K, reserved 1048576K
Event: 5,090 GC heap after
Heap after GC invocations=7 (full 0):
 PSYoungGen      total 40448K, used 5600K [0x00000000ef900000, 0x00000000f4d00000, 0x0000000100000000)
  eden space 34816K, 0% used [0x00000000ef900000,0x00000000ef900000,0x00000000f1b00000)
  from space 5632K, 99% used [0x00000000f1b00000,0x00000000f2078010,0x00000000f2080000)
  to   space 8192K, 0% used [0x00000000f4500000,0x00000000f4500000,0x00000000f4d00000)
 ParOldGen       total 22016K, used 18235K [0x00000000cea00000, 0x00000000cff80000, 0x00000000ef900000)
  object space 22016K, 82% used [0x00000000cea00000,0x00000000cfbceed8,0x00000000cff80000)
 Metaspace       used 16361K, capacity 17166K, committed 17408K, reserved 1064960K
  class space    used 1745K, capacity 1933K, committed 2048K, reserved 1048576K
}
Event: 5,090 GC heap before
{Heap before GC invocations=8 (full 1):
 PSYoungGen      total 40448K, used 5600K [0x00000000ef900000, 0x00000000f4d00000, 0x0000000100000000)
  eden space 34816K, 0% used [0x00000000ef900000,0x00000000ef900000,0x00000000f1b00000)
  from space 5632K, 99% used [0x00000000f1b00000,0x00000000f2078010,0x00000000f2080000)
  to   space 8192K, 0% used [0x00000000f4500000,0x00000000f4500000,0x00000000f4d00000)
 ParOldGen       total 22016K, used 18235K [0x00000000cea00000, 0x00000000cff80000, 0x00000000ef900000)
  object space 22016K, 82% used [0x00000000cea00000,0x00000000cfbceed8,0x00000000cff80000)
 Metaspace       used 16361K, capacity 17166K, committed 17408K, reserved 1064960K
  class space    used 1745K, capacity 1933K, committed 2048K, reserved 1048576K
Event: 5,157 GC heap after
Heap after GC invocations=8 (full 1):
 PSYoungGen      total 40448K, used 0K [0x00000000ef900000, 0x00000000f4d00000, 0x0000000100000000)
  eden space 34816K, 0% used [0x00000000ef900000,0x00000000ef900000,0x00000000f1b00000)
  from space 5632K, 0% used [0x00000000f1b00000,0x00000000f1b00000,0x00000000f2080000)
  to   space 8192K, 0% used [0x00000000f4500000,0x00000000f4500000,0x00000000f4d00000)
 ParOldGen       total 34304K, used 17750K [0x00000000cea00000, 0x00000000d0b80000, 0x00000000ef900000)
  object space 34304K, 51% used [0x00000000cea00000,0x00000000cfb55a08,0x00000000d0b80000)
 Metaspace       used 16360K, capacity 17164K, committed 17408K, reserved 1064960K
  class space    used 1744K, capacity 1932K, committed 2048K, reserved 1048576K
}
Event: 5,443 GC heap before
{Heap before GC invocations=9 (full 1):
 PSYoungGen      total 40448K, used 34816K [0x00000000ef900000, 0x00000000f4d00000, 0x0000000100000000)
  eden space 34816K, 100% used [0x00000000ef900000,0x00000000f1b00000,0x00000000f1b00000)
  from space 5632K, 0% used [0x00000000f1b00000,0x00000000f1b00000,0x00000000f2080000)
  to   space 8192K, 0% used [0x00000000f4500000,0x00000000f4500000,0x00000000f4d00000)
 ParOldGen       total 34304K, used 17750K [0x00000000cea00000, 0x00000000d0b80000, 0x00000000ef900000)
  object space 34304K, 51% used [0x00000000cea00000,0x00000000cfb55a08,0x00000000d0b80000)
 Metaspace       used 17937K, capacity 18976K, committed 19200K, reserved 1067008K
  class space    used 1926K, capacity 2275K, committed 2304K, reserved 1048576K
Event: 5,447 GC heap after
Heap after GC invocations=9 (full 1):
 PSYoungGen      total 57856K, used 1088K [0x00000000ef900000, 0x00000000f4680000, 0x0000000100000000)
  eden space 56320K, 0% used [0x00000000ef900000,0x00000000ef900000,0x00000000f3000000)
  from space 1536K, 70% used [0x00000000f4500000,0x00000000f4610000,0x00000000f4680000)
  to   space 8192K, 0% used [0x00000000f3680000,0x00000000f3680000,0x00000000f3e80000)
 ParOldGen       total 34304K, used 17758K [0x00000000cea00000, 0x00000000d0b80000, 0x00000000ef900000)
  object space 34304K, 51% used [0x00000000cea00000,0x00000000cfb57a08,0x00000000d0b80000)
 Metaspace       used 17937K, capacity 18976K, committed 19200K, reserved 1067008K
  class space    used 1926K, capacity 2275K, committed 2304K, reserved 1048576K
}
Event: 7,558 GC heap before
{Heap before GC invocations=10 (full 1):
 PSYoungGen      total 57856K, used 55756K [0x00000000ef900000, 0x00000000f4680000, 0x0000000100000000)
  eden space 56320K, 97% used [0x00000000ef900000,0x00000000f2e630c0,0x00000000f3000000)
  from space 1536K, 70% used [0x00000000f4500000,0x00000000f4610000,0x00000000f4680000)
  to   space 8192K, 0% used [0x00000000f3680000,0x00000000f3680000,0x00000000f3e80000)
 ParOldGen       total 34304K, used 17758K [0x00000000cea00000, 0x00000000d0b80000, 0x00000000ef900000)
  object space 34304K, 51% used [0x00000000cea00000,0x00000000cfb57a08,0x00000000d0b80000)
 Metaspace       used 26422K, capacity 29014K, committed 29016K, reserved 1075200K
  class space    used 2871K, capacity 3584K, committed 3584K, reserved 1048576K
Event: 7,567 GC heap after
Heap after GC invocations=10 (full 1):
 PSYoungGen      total 71168K, used 4224K [0x00000000ef900000, 0x00000000f5200000, 0x0000000100000000)
  eden space 62976K, 0% used [0x00000000ef900000,0x00000000ef900000,0x00000000f3680000)
  from space 8192K, 51% used [0x00000000f3680000,0x00000000f3aa0030,0x00000000f3e80000)
  to   space 7680K, 0% used [0x00000000f4a80000,0x00000000f4a80000,0x00000000f5200000)
 ParOldGen       total 34304K, used 17766K [0x00000000cea00000, 0x00000000d0b80000, 0x00000000ef900000)
  object space 34304K, 51% used [0x00000000cea00000,0x00000000cfb59a08,0x00000000d0b80000)
 Metaspace       used 26422K, capacity 29014K, committed 29016K, reserved 1075200K
  class space    used 2871K, capacity 3584K, committed 3584K, reserved 1048576K
}
Event: 7,567 GC heap before
{Heap before GC invocations=11 (full 2):
 PSYoungGen      total 71168K, used 4224K [0x00000000ef900000, 0x00000000f5200000, 0x0000000100000000)
  eden space 62976K, 0% used [0x00000000ef900000,0x00000000ef900000,0x00000000f3680000)
  from space 8192K, 51% used [0x00000000f3680000,0x00000000f3aa0030,0x00000000f3e80000)
  to   space 7680K, 0% used [0x00000000f4a80000,0x00000000f4a80000,0x00000000f5200000)
 ParOldGen       total 34304K, used 17766K [0x00000000cea00000, 0x00000000d0b80000, 0x00000000ef900000)
  object space 34304K, 51% used [0x00000000cea00000,0x00000000cfb59a08,0x00000000d0b80000)
 Metaspace       used 26422K, capacity 29014K, committed 29016K, reserved 1075200K
  class space    used 2871K, capacity 3584K, committed 3584K, reserved 1048576K
Event: 7,681 GC heap after
Heap after GC invocations=11 (full 2):
 PSYoungGen      total 71168K, used 0K [0x00000000ef900000, 0x00000000f5200000, 0x0000000100000000)
  eden space 62976K, 0% used [0x00000000ef900000,0x00000000ef900000,0x00000000f3680000)
  from space 8192K, 0% used [0x00000000f3680000,0x00000000f3680000,0x00000000f3e80000)
  to   space 7680K, 0% used [0x00000000f4a80000,0x00000000f4a80000,0x00000000f5200000)
 ParOldGen       total 46080K, used 21470K [0x00000000cea00000, 0x00000000d1700000, 0x00000000ef900000)
  object space 46080K, 46% used [0x00000000cea00000,0x00000000cfef7b28,0x00000000d1700000)
 Metaspace       used 26422K, capacity 29014K, committed 29016K, reserved 1075200K
  class space    used 2871K, capacity 3584K, committed 3584K, reserved 1048576K
}

